2023-09-07 18:00:01,354 [Worker-4: Loading available Gradle versions] INFO  o.e.b.c.i.u.g.PublishedGradleVersions - Gradle version information cache is up-to-date. Trying to read.
2023-09-07 18:00:41,360 [Worker-9: Update Maven projects configuration] INFO  o.e.m.c.i.p.ProjectConfigurationManager - Update started
2023-09-07 18:00:43,062 [Worker-9: Update Maven projects configuration] INFO  o.e.m.c.i.l.LifecycleMappingFactory - Using org.eclipse.m2e.jdt.JarLifecycleMapping lifecycle mapping for MavenProject: dev.aayush:placement_system:0.0.1-SNAPSHOT @ C:\Users\aayus\Desktop\Projects\placement_system\backend\placement_system\pom.xml.
2023-09-07 18:00:45,513 [Worker-9: Update Maven projects configuration] INFO  o.e.m.j.i.AbstractJavaProjectConfigurator - Adding source folder /placement_system/src/main/java
2023-09-07 18:00:45,515 [Worker-9: Update Maven projects configuration] INFO  o.e.m.j.i.AbstractJavaProjectConfigurator - Adding resource folder /placement_system/src/main/resources
2023-09-07 18:00:45,525 [Worker-9: Update Maven projects configuration] INFO  o.e.m.j.i.AbstractJavaProjectConfigurator - Adding resource folder /placement_system/src/main/resources
2023-09-07 18:00:45,542 [Worker-9: Update Maven projects configuration] INFO  o.e.m.j.i.AbstractJavaProjectConfigurator - Adding source folder /placement_system/src/test/java
2023-09-07 18:00:48,711 [Worker-9: Update Maven projects configuration] INFO  o.e.m.c.i.p.ProjectConfigurationManager - Update completed for 1 poms: local refresh takes 0.00 sec, refresh facades takes 3.00 sec, update config takes 3.00 sec 
2023-09-07 18:29:18,830 [Worker-19: Updating Maven Project] INFO  o.e.m.c.i.p.ProjectConfigurationManager - Update started
2023-09-07 18:29:19,237 [Worker-19: Updating Maven Project] INFO  o.e.m.c.i.l.LifecycleMappingFactory - Using org.eclipse.m2e.jdt.JarLifecycleMapping lifecycle mapping for MavenProject: dev.aayush:placement_system:0.0.1-SNAPSHOT @ C:\Users\aayus\Desktop\Projects\placement_system\backend\placement_system\pom.xml.
2023-09-07 18:29:20,442 [Worker-19: Updating Maven Project] INFO  o.e.m.j.i.AbstractJavaProjectConfigurator - Adding source folder /placement_system/src/main/java
2023-09-07 18:29:20,443 [Worker-19: Updating Maven Project] INFO  o.e.m.j.i.AbstractJavaProjectConfigurator - Adding resource folder /placement_system/src/main/resources
2023-09-07 18:29:20,444 [Worker-19: Updating Maven Project] INFO  o.e.m.j.i.AbstractJavaProjectConfigurator - Adding resource folder /placement_system/src/main/resources
2023-09-07 18:29:20,446 [Worker-19: Updating Maven Project] INFO  o.e.m.j.i.AbstractJavaProjectConfigurator - Adding source folder /placement_system/src/test/java
2023-09-07 18:29:20,793 [Worker-19: Updating Maven Project] INFO  o.e.m.c.i.p.ProjectConfigurationManager - Update completed for 1 poms: local refresh takes 0.00 sec, refresh facades takes 1.00 sec, update config takes 0.00 sec 
2023-09-07 18:29:36,184 [main] INFO  o.e.m2e.actions.ExecutePomAction - Creating new launch configuration
2023-09-07 18:29:49,341 [Worker-24: Launching placement_system] INFO  o.eclipse.m2e.core.internal.Bundles - getClasspathEntries(Bundle=org.eclipse.m2e.maven.runtime_3.8.604.20221130-2149 [605])
2023-09-07 18:29:49,364 [Worker-24: Launching placement_system] INFO  o.eclipse.m2e.core.internal.Bundles - 	Entry: C:\Users\aayus\.p2\pool\plugins\org.eclipse.m2e.maven.runtime_3.8.604.20221130-2149
2023-09-07 18:29:49,364 [Worker-24: Launching placement_system] INFO  o.eclipse.m2e.core.internal.Bundles - 	Entry: C:\Users\aayus\.p2\pool\plugins\org.eclipse.m2e.maven.runtime_3.8.604.20221130-2149\jars\aether-connector-okhttp-0.17.8.jar
2023-09-07 18:29:49,365 [Worker-24: Launching placement_system] INFO  o.eclipse.m2e.core.internal.Bundles - 	Entry: C:\Users\aayus\.p2\pool\plugins\org.eclipse.m2e.maven.runtime_3.8.604.20221130-2149\jars\commons-cli-1.4.jar
2023-09-07 18:29:49,366 [Worker-24: Launching placement_system] INFO  o.eclipse.m2e.core.internal.Bundles - 	Entry: C:\Users\aayus\.p2\pool\plugins\org.eclipse.m2e.maven.runtime_3.8.604.20221130-2149\jars\commons-io-2.6.jar
2023-09-07 18:29:49,366 [Worker-24: Launching placement_system] INFO  o.eclipse.m2e.core.internal.Bundles - 	Entry: C:\Users\aayus\.p2\pool\plugins\org.eclipse.m2e.maven.runtime_3.8.604.20221130-2149\jars\commons-lang3-3.8.1.jar
2023-09-07 18:29:49,367 [Worker-24: Launching placement_system] INFO  o.eclipse.m2e.core.internal.Bundles - 	Entry: C:\Users\aayus\.p2\pool\plugins\org.eclipse.m2e.maven.runtime_3.8.604.20221130-2149\jars\guice-4.2.2-no_aop.jar
2023-09-07 18:29:49,367 [Worker-24: Launching placement_system] INFO  o.eclipse.m2e.core.internal.Bundles - 	Entry: C:\Users\aayus\.p2\pool\plugins\org.eclipse.m2e.maven.runtime_3.8.604.20221130-2149\jars\jansi-2.4.0.jar
2023-09-07 18:29:49,367 [Worker-24: Launching placement_system] INFO  o.eclipse.m2e.core.internal.Bundles - 	Entry: C:\Users\aayus\.p2\pool\plugins\org.eclipse.m2e.maven.runtime_3.8.604.20221130-2149\jars\maven-artifact-3.8.6.jar
2023-09-07 18:29:49,367 [Worker-24: Launching placement_system] INFO  o.eclipse.m2e.core.internal.Bundles - 	Entry: C:\Users\aayus\.p2\pool\plugins\org.eclipse.m2e.maven.runtime_3.8.604.20221130-2149\jars\maven-builder-support-3.8.6.jar
2023-09-07 18:29:49,367 [Worker-24: Launching placement_system] INFO  o.eclipse.m2e.core.internal.Bundles - 	Entry: C:\Users\aayus\.p2\pool\plugins\org.eclipse.m2e.maven.runtime_3.8.604.20221130-2149\jars\maven-compat-3.8.6.jar
2023-09-07 18:29:49,368 [Worker-24: Launching placement_system] INFO  o.eclipse.m2e.core.internal.Bundles - 	Entry: C:\Users\aayus\.p2\pool\plugins\org.eclipse.m2e.maven.runtime_3.8.604.20221130-2149\jars\maven-core-3.8.6.jar
2023-09-07 18:29:49,368 [Worker-24: Launching placement_system] INFO  o.eclipse.m2e.core.internal.Bundles - 	Entry: C:\Users\aayus\.p2\pool\plugins\org.eclipse.m2e.maven.runtime_3.8.604.20221130-2149\jars\maven-embedder-3.8.6.jar
2023-09-07 18:29:49,368 [Worker-24: Launching placement_system] INFO  o.eclipse.m2e.core.internal.Bundles - 	Entry: C:\Users\aayus\.p2\pool\plugins\org.eclipse.m2e.maven.runtime_3.8.604.20221130-2149\jars\maven-model-3.8.6.jar
2023-09-07 18:29:49,369 [Worker-24: Launching placement_system] INFO  o.eclipse.m2e.core.internal.Bundles - 	Entry: C:\Users\aayus\.p2\pool\plugins\org.eclipse.m2e.maven.runtime_3.8.604.20221130-2149\jars\maven-model-builder-3.8.6.jar
2023-09-07 18:29:49,369 [Worker-24: Launching placement_system] INFO  o.eclipse.m2e.core.internal.Bundles - 	Entry: C:\Users\aayus\.p2\pool\plugins\org.eclipse.m2e.maven.runtime_3.8.604.20221130-2149\jars\maven-plugin-api-3.8.6.jar
2023-09-07 18:29:49,369 [Worker-24: Launching placement_system] INFO  o.eclipse.m2e.core.internal.Bundles - 	Entry: C:\Users\aayus\.p2\pool\plugins\org.eclipse.m2e.maven.runtime_3.8.604.20221130-2149\jars\maven-repository-metadata-3.8.6.jar
2023-09-07 18:29:49,370 [Worker-24: Launching placement_system] INFO  o.eclipse.m2e.core.internal.Bundles - 	Entry: C:\Users\aayus\.p2\pool\plugins\org.eclipse.m2e.maven.runtime_3.8.604.20221130-2149\jars\maven-resolver-api-1.6.3.jar
2023-09-07 18:29:49,370 [Worker-24: Launching placement_system] INFO  o.eclipse.m2e.core.internal.Bundles - 	Entry: C:\Users\aayus\.p2\pool\plugins\org.eclipse.m2e.maven.runtime_3.8.604.20221130-2149\jars\maven-resolver-connector-basic-1.6.3.jar
2023-09-07 18:29:49,370 [Worker-24: Launching placement_system] INFO  o.eclipse.m2e.core.internal.Bundles - 	Entry: C:\Users\aayus\.p2\pool\plugins\org.eclipse.m2e.maven.runtime_3.8.604.20221130-2149\jars\maven-resolver-impl-1.6.3.jar
2023-09-07 18:29:49,371 [Worker-24: Launching placement_system] INFO  o.eclipse.m2e.core.internal.Bundles - 	Entry: C:\Users\aayus\.p2\pool\plugins\org.eclipse.m2e.maven.runtime_3.8.604.20221130-2149\jars\maven-resolver-provider-3.8.6.jar
2023-09-07 18:29:49,371 [Worker-24: Launching placement_system] INFO  o.eclipse.m2e.core.internal.Bundles - 	Entry: C:\Users\aayus\.p2\pool\plugins\org.eclipse.m2e.maven.runtime_3.8.604.20221130-2149\jars\maven-resolver-spi-1.6.3.jar
2023-09-07 18:29:49,371 [Worker-24: Launching placement_system] INFO  o.eclipse.m2e.core.internal.Bundles - 	Entry: C:\Users\aayus\.p2\pool\plugins\org.eclipse.m2e.maven.runtime_3.8.604.20221130-2149\jars\maven-resolver-transport-wagon-1.6.3.jar
2023-09-07 18:29:49,372 [Worker-24: Launching placement_system] INFO  o.eclipse.m2e.core.internal.Bundles - 	Entry: C:\Users\aayus\.p2\pool\plugins\org.eclipse.m2e.maven.runtime_3.8.604.20221130-2149\jars\maven-resolver-util-1.6.3.jar
2023-09-07 18:29:49,372 [Worker-24: Launching placement_system] INFO  o.eclipse.m2e.core.internal.Bundles - 	Entry: C:\Users\aayus\.p2\pool\plugins\org.eclipse.m2e.maven.runtime_3.8.604.20221130-2149\jars\maven-settings-3.8.6.jar
2023-09-07 18:29:49,372 [Worker-24: Launching placement_system] INFO  o.eclipse.m2e.core.internal.Bundles - 	Entry: C:\Users\aayus\.p2\pool\plugins\org.eclipse.m2e.maven.runtime_3.8.604.20221130-2149\jars\maven-settings-builder-3.8.6.jar
2023-09-07 18:29:49,372 [Worker-24: Launching placement_system] INFO  o.eclipse.m2e.core.internal.Bundles - 	Entry: C:\Users\aayus\.p2\pool\plugins\org.eclipse.m2e.maven.runtime_3.8.604.20221130-2149\jars\maven-shared-utils-3.3.4.jar
2023-09-07 18:29:49,372 [Worker-24: Launching placement_system] INFO  o.eclipse.m2e.core.internal.Bundles - 	Entry: C:\Users\aayus\.p2\pool\plugins\org.eclipse.m2e.maven.runtime_3.8.604.20221130-2149\jars\okhttp-3.14.1.jar
2023-09-07 18:29:49,373 [Worker-24: Launching placement_system] INFO  o.eclipse.m2e.core.internal.Bundles - 	Entry: C:\Users\aayus\.p2\pool\plugins\org.eclipse.m2e.maven.runtime_3.8.604.20221130-2149\jars\okio-1.17.3.jar
2023-09-07 18:29:49,373 [Worker-24: Launching placement_system] INFO  o.eclipse.m2e.core.internal.Bundles - 	Entry: C:\Users\aayus\.p2\pool\plugins\org.eclipse.m2e.maven.runtime_3.8.604.20221130-2149\jars\org.eclipse.sisu.inject-0.3.5.jar
2023-09-07 18:29:49,373 [Worker-24: Launching placement_system] INFO  o.eclipse.m2e.core.internal.Bundles - 	Entry: C:\Users\aayus\.p2\pool\plugins\org.eclipse.m2e.maven.runtime_3.8.604.20221130-2149\jars\org.eclipse.sisu.plexus-0.3.5.jar
2023-09-07 18:29:49,373 [Worker-24: Launching placement_system] INFO  o.eclipse.m2e.core.internal.Bundles - 	Entry: C:\Users\aayus\.p2\pool\plugins\org.eclipse.m2e.maven.runtime_3.8.604.20221130-2149\jars\plexus-build-api-0.0.7.jar
2023-09-07 18:29:49,374 [Worker-24: Launching placement_system] INFO  o.eclipse.m2e.core.internal.Bundles - 	Entry: C:\Users\aayus\.p2\pool\plugins\org.eclipse.m2e.maven.runtime_3.8.604.20221130-2149\jars\plexus-cipher-2.0.jar
2023-09-07 18:29:49,374 [Worker-24: Launching placement_system] INFO  o.eclipse.m2e.core.internal.Bundles - 	Entry: C:\Users\aayus\.p2\pool\plugins\org.eclipse.m2e.maven.runtime_3.8.604.20221130-2149\jars\plexus-classworlds-2.6.0.jar
2023-09-07 18:29:49,374 [Worker-24: Launching placement_system] INFO  o.eclipse.m2e.core.internal.Bundles - 	Entry: C:\Users\aayus\.p2\pool\plugins\org.eclipse.m2e.maven.runtime_3.8.604.20221130-2149\jars\plexus-component-annotations-2.1.0.jar
2023-09-07 18:29:49,374 [Worker-24: Launching placement_system] INFO  o.eclipse.m2e.core.internal.Bundles - 	Entry: C:\Users\aayus\.p2\pool\plugins\org.eclipse.m2e.maven.runtime_3.8.604.20221130-2149\jars\plexus-interpolation-1.26.jar
2023-09-07 18:29:49,375 [Worker-24: Launching placement_system] INFO  o.eclipse.m2e.core.internal.Bundles - 	Entry: C:\Users\aayus\.p2\pool\plugins\org.eclipse.m2e.maven.runtime_3.8.604.20221130-2149\jars\plexus-sec-dispatcher-2.0.jar
2023-09-07 18:29:49,375 [Worker-24: Launching placement_system] INFO  o.eclipse.m2e.core.internal.Bundles - 	Entry: C:\Users\aayus\.p2\pool\plugins\org.eclipse.m2e.maven.runtime_3.8.604.20221130-2149\jars\plexus-utils-3.3.1.jar
2023-09-07 18:29:49,375 [Worker-24: Launching placement_system] INFO  o.eclipse.m2e.core.internal.Bundles - 	Entry: C:\Users\aayus\.p2\pool\plugins\org.eclipse.m2e.maven.runtime_3.8.604.20221130-2149\jars\wagon-file-3.5.1.jar
2023-09-07 18:29:49,375 [Worker-24: Launching placement_system] INFO  o.eclipse.m2e.core.internal.Bundles - 	Entry: C:\Users\aayus\.p2\pool\plugins\org.eclipse.m2e.maven.runtime_3.8.604.20221130-2149\jars\wagon-provider-api-3.5.1.jar
2023-09-07 18:29:49,376 [Worker-24: Launching placement_system] INFO  o.eclipse.m2e.core.internal.Bundles - getClasspathEntries(Bundle=com.google.guava_30.1.0.v20221112-0806 [10])
2023-09-07 18:29:49,379 [Worker-24: Launching placement_system] INFO  o.eclipse.m2e.core.internal.Bundles - 	Entry: C:\Users\aayus\.p2\pool\plugins\com.google.guava_30.1.0.v20221112-0806.jar
2023-09-07 18:29:49,379 [Worker-24: Launching placement_system] INFO  o.eclipse.m2e.core.internal.Bundles - getClasspathEntries(Bundle=slf4j.api_1.7.36 [917])
2023-09-07 18:29:49,380 [Worker-24: Launching placement_system] INFO  o.eclipse.m2e.core.internal.Bundles - 	Entry: C:\Users\aayus\.p2\pool\plugins\slf4j.api_1.7.36.jar
2023-09-07 18:29:49,380 [Worker-24: Launching placement_system] INFO  o.eclipse.m2e.core.internal.Bundles - getClasspathEntries(Bundle=javax.inject_1.0.0.v20220405-0441 [32])
2023-09-07 18:29:49,382 [Worker-24: Launching placement_system] INFO  o.eclipse.m2e.core.internal.Bundles - 	Entry: C:\Users\aayus\.p2\pool\plugins\javax.inject_1.0.0.v20220405-0441.jar
2023-09-07 18:29:49,383 [Worker-24: Launching placement_system] INFO  o.eclipse.m2e.core.internal.Bundles - getClasspathEntries(Bundle=javax.annotation_1.3.5.v20221112-0806 [30])
2023-09-07 18:29:49,384 [Worker-24: Launching placement_system] INFO  o.eclipse.m2e.core.internal.Bundles - 	Entry: C:\Users\aayus\.p2\pool\plugins\javax.annotation_1.3.5.v20221112-0806.jar
2023-09-07 18:29:49,388 [Worker-24: Launching placement_system] INFO  o.e.m.i.launch.MavenLaunchDelegate - Run build in "C:\Users\aayus\Desktop\Projects\placement_system\backend\placement_system":
2023-09-07 18:29:49,389 [Worker-24: Launching placement_system] INFO  o.e.m.i.launch.MavenLaunchDelegate -  mvn  -B -Dstyle.color=always package
